<?xml version="1.0" encoding="UTF-8"?>
<!-- Generated by org.testng.reporters.JUnitReportReporter -->
<testsuite hostname="DESKTOP-9HU6DH7" failures="0" tests="1" name="tDemo.testng" time="0.015" errors="0" timestamp="2024-10-03T02:16:35 IST" skipped="0">
  <testcase classname="tDemo.testng" name="test" time="0.015"/>
  <system-out/>
</testsuite> <!-- tDemo.testng -->
